C:\USERS\HARRIS\GOOGLE DRIVE\SUMMER '13\CS303\PROGRAMS\PROGRAM 2\PROGRAM 2\DEBUG\VC110.PDB
C:\USERS\HARRIS\GOOGLE DRIVE\SUMMER '13\CS303\PROGRAMS\PROGRAM 2\PROGRAM 2\DEBUG\MAIN.OBJ
C:\USERS\HARRIS\GOOGLE DRIVE\SUMMER '13\CS303\PROGRAMS\PROGRAM 2\PROGRAM 2\DEBUG\MEMUTILITIES.OBJ
C:\USERS\HARRIS\GOOGLE DRIVE\SUMMER '13\CS303\PROGRAMS\PROGRAM 2\DEBUG\PROGRAM 2.ILK
C:\USERS\HARRIS\GOOGLE DRIVE\SUMMER '13\CS303\PROGRAMS\PROGRAM 2\DEBUG\PROGRAM 2.EXE
C:\USERS\HARRIS\GOOGLE DRIVE\SUMMER '13\CS303\PROGRAMS\PROGRAM 2\DEBUG\PROGRAM 2.PDB
C:\Users\Harris\Google Drive\Summer '13\CS303\Programs\Program 2\Program 2\Debug\Main.obj
C:\Users\Harris\Google Drive\Summer '13\CS303\Programs\Program 2\Program 2\Debug\MemUtilities (1).obj
C:\Users\Harris\Google Drive\Summer '13\CS303\Programs\Program 2\Program 2\Debug\MemUtilities.obj
C:\Users\Harris\Google Drive\Summer '13\CS303\Programs\Program 2\Program 2\Debug\cl.command.1.tlog
C:\Users\Harris\Google Drive\Summer '13\CS303\Programs\Program 2\Program 2\Debug\CL.read.1.tlog
C:\Users\Harris\Google Drive\Summer '13\CS303\Programs\Program 2\Program 2\Debug\CL.write.1.tlog
C:\Users\Harris\Google Drive\Summer '13\CS303\Programs\Program 2\Program 2\Debug\link-cvtres.read.1.tlog
C:\Users\Harris\Google Drive\Summer '13\CS303\Programs\Program 2\Program 2\Debug\link-cvtres.write.1.tlog
C:\Users\Harris\Google Drive\Summer '13\CS303\Programs\Program 2\Program 2\Debug\link-rc.read.1.tlog
C:\Users\Harris\Google Drive\Summer '13\CS303\Programs\Program 2\Program 2\Debug\link-rc.write.1.tlog
C:\Users\Harris\Google Drive\Summer '13\CS303\Programs\Program 2\Program 2\Debug\link.1444-cvtres.read.1.tlog
C:\Users\Harris\Google Drive\Summer '13\CS303\Programs\Program 2\Program 2\Debug\link.1444-cvtres.write.1.tlog
C:\Users\Harris\Google Drive\Summer '13\CS303\Programs\Program 2\Program 2\Debug\link.1444-rc.read.1.tlog
C:\Users\Harris\Google Drive\Summer '13\CS303\Programs\Program 2\Program 2\Debug\link.1444-rc.write.1.tlog
C:\Users\Harris\Google Drive\Summer '13\CS303\Programs\Program 2\Program 2\Debug\link.1444.read.1.tlog
C:\Users\Harris\Google Drive\Summer '13\CS303\Programs\Program 2\Program 2\Debug\link.1444.write.1.tlog
C:\Users\Harris\Google Drive\Summer '13\CS303\Programs\Program 2\Program 2\Debug\link.1840-cvtres.read.1.tlog
C:\Users\Harris\Google Drive\Summer '13\CS303\Programs\Program 2\Program 2\Debug\link.1840-cvtres.write.1.tlog
C:\Users\Harris\Google Drive\Summer '13\CS303\Programs\Program 2\Program 2\Debug\link.1840-rc.read.1.tlog
C:\Users\Harris\Google Drive\Summer '13\CS303\Programs\Program 2\Program 2\Debug\link.1840-rc.write.1.tlog
C:\Users\Harris\Google Drive\Summer '13\CS303\Programs\Program 2\Program 2\Debug\link.1840.read.1.tlog
C:\Users\Harris\Google Drive\Summer '13\CS303\Programs\Program 2\Program 2\Debug\link.1840.write.1.tlog
C:\Users\Harris\Google Drive\Summer '13\CS303\Programs\Program 2\Program 2\Debug\link.2896-cvtres.read.1.tlog
C:\Users\Harris\Google Drive\Summer '13\CS303\Programs\Program 2\Program 2\Debug\link.2896-cvtres.write.1.tlog
C:\Users\Harris\Google Drive\Summer '13\CS303\Programs\Program 2\Program 2\Debug\link.2896-rc.read.1.tlog
C:\Users\Harris\Google Drive\Summer '13\CS303\Programs\Program 2\Program 2\Debug\link.2896-rc.write.1.tlog
C:\Users\Harris\Google Drive\Summer '13\CS303\Programs\Program 2\Program 2\Debug\link.2896.read.1.tlog
C:\Users\Harris\Google Drive\Summer '13\CS303\Programs\Program 2\Program 2\Debug\link.2896.write.1.tlog
C:\Users\Harris\Google Drive\Summer '13\CS303\Programs\Program 2\Program 2\Debug\link.3008-cvtres.read.1.tlog
C:\Users\Harris\Google Drive\Summer '13\CS303\Programs\Program 2\Program 2\Debug\link.3008-cvtres.write.1.tlog
C:\Users\Harris\Google Drive\Summer '13\CS303\Programs\Program 2\Program 2\Debug\link.3008-rc.read.1.tlog
C:\Users\Harris\Google Drive\Summer '13\CS303\Programs\Program 2\Program 2\Debug\link.3008-rc.write.1.tlog
C:\Users\Harris\Google Drive\Summer '13\CS303\Programs\Program 2\Program 2\Debug\link.3008.read.1.tlog
C:\Users\Harris\Google Drive\Summer '13\CS303\Programs\Program 2\Program 2\Debug\link.3008.write.1.tlog
C:\Users\Harris\Google Drive\Summer '13\CS303\Programs\Program 2\Program 2\Debug\link.3108-cvtres.read.1.tlog
C:\Users\Harris\Google Drive\Summer '13\CS303\Programs\Program 2\Program 2\Debug\link.3108-cvtres.write.1.tlog
C:\Users\Harris\Google Drive\Summer '13\CS303\Programs\Program 2\Program 2\Debug\link.3108-rc.read.1.tlog
C:\Users\Harris\Google Drive\Summer '13\CS303\Programs\Program 2\Program 2\Debug\link.3108-rc.write.1.tlog
C:\Users\Harris\Google Drive\Summer '13\CS303\Programs\Program 2\Program 2\Debug\link.3108.read.1.tlog
C:\Users\Harris\Google Drive\Summer '13\CS303\Programs\Program 2\Program 2\Debug\link.3108.write.1.tlog
C:\Users\Harris\Google Drive\Summer '13\CS303\Programs\Program 2\Program 2\Debug\link.3312-cvtres.read.1.tlog
C:\Users\Harris\Google Drive\Summer '13\CS303\Programs\Program 2\Program 2\Debug\link.3312-cvtres.write.1.tlog
C:\Users\Harris\Google Drive\Summer '13\CS303\Programs\Program 2\Program 2\Debug\link.3312-rc.read.1.tlog
C:\Users\Harris\Google Drive\Summer '13\CS303\Programs\Program 2\Program 2\Debug\link.3312-rc.write.1.tlog
C:\Users\Harris\Google Drive\Summer '13\CS303\Programs\Program 2\Program 2\Debug\link.3312.read.1.tlog
C:\Users\Harris\Google Drive\Summer '13\CS303\Programs\Program 2\Program 2\Debug\link.3312.write.1.tlog
C:\Users\Harris\Google Drive\Summer '13\CS303\Programs\Program 2\Program 2\Debug\link.3412-cvtres.read.1.tlog
C:\Users\Harris\Google Drive\Summer '13\CS303\Programs\Program 2\Program 2\Debug\link.3412-cvtres.write.1.tlog
C:\Users\Harris\Google Drive\Summer '13\CS303\Programs\Program 2\Program 2\Debug\link.3412-rc.read.1.tlog
C:\Users\Harris\Google Drive\Summer '13\CS303\Programs\Program 2\Program 2\Debug\link.3412-rc.write.1.tlog
C:\Users\Harris\Google Drive\Summer '13\CS303\Programs\Program 2\Program 2\Debug\link.3412.read.1.tlog
C:\Users\Harris\Google Drive\Summer '13\CS303\Programs\Program 2\Program 2\Debug\link.3412.write.1.tlog
C:\Users\Harris\Google Drive\Summer '13\CS303\Programs\Program 2\Program 2\Debug\link.3624-cvtres.read.1.tlog
C:\Users\Harris\Google Drive\Summer '13\CS303\Programs\Program 2\Program 2\Debug\link.3624-cvtres.write.1.tlog
C:\Users\Harris\Google Drive\Summer '13\CS303\Programs\Program 2\Program 2\Debug\link.3624-rc.read.1.tlog
C:\Users\Harris\Google Drive\Summer '13\CS303\Programs\Program 2\Program 2\Debug\link.3624-rc.write.1.tlog
C:\Users\Harris\Google Drive\Summer '13\CS303\Programs\Program 2\Program 2\Debug\link.3624.read.1.tlog
C:\Users\Harris\Google Drive\Summer '13\CS303\Programs\Program 2\Program 2\Debug\link.3624.write.1.tlog
C:\Users\Harris\Google Drive\Summer '13\CS303\Programs\Program 2\Program 2\Debug\link.3656-cvtres.read.1.tlog
C:\Users\Harris\Google Drive\Summer '13\CS303\Programs\Program 2\Program 2\Debug\link.3656-cvtres.write.1.tlog
C:\Users\Harris\Google Drive\Summer '13\CS303\Programs\Program 2\Program 2\Debug\link.3656-rc.read.1.tlog
C:\Users\Harris\Google Drive\Summer '13\CS303\Programs\Program 2\Program 2\Debug\link.3656-rc.write.1.tlog
C:\Users\Harris\Google Drive\Summer '13\CS303\Programs\Program 2\Program 2\Debug\link.3656.read.1.tlog
C:\Users\Harris\Google Drive\Summer '13\CS303\Programs\Program 2\Program 2\Debug\link.3656.write.1.tlog
C:\Users\Harris\Google Drive\Summer '13\CS303\Programs\Program 2\Program 2\Debug\link.3932-cvtres.read.1.tlog
C:\Users\Harris\Google Drive\Summer '13\CS303\Programs\Program 2\Program 2\Debug\link.3932-cvtres.write.1.tlog
C:\Users\Harris\Google Drive\Summer '13\CS303\Programs\Program 2\Program 2\Debug\link.3932-rc.read.1.tlog
C:\Users\Harris\Google Drive\Summer '13\CS303\Programs\Program 2\Program 2\Debug\link.3932-rc.write.1.tlog
C:\Users\Harris\Google Drive\Summer '13\CS303\Programs\Program 2\Program 2\Debug\link.3932.read.1.tlog
C:\Users\Harris\Google Drive\Summer '13\CS303\Programs\Program 2\Program 2\Debug\link.3932.write.1.tlog
C:\Users\Harris\Google Drive\Summer '13\CS303\Programs\Program 2\Program 2\Debug\link.4180-cvtres.read.1.tlog
C:\Users\Harris\Google Drive\Summer '13\CS303\Programs\Program 2\Program 2\Debug\link.4180-cvtres.write.1.tlog
C:\Users\Harris\Google Drive\Summer '13\CS303\Programs\Program 2\Program 2\Debug\link.4180-rc.read.1.tlog
C:\Users\Harris\Google Drive\Summer '13\CS303\Programs\Program 2\Program 2\Debug\link.4180-rc.write.1.tlog
C:\Users\Harris\Google Drive\Summer '13\CS303\Programs\Program 2\Program 2\Debug\link.4180.read.1.tlog
C:\Users\Harris\Google Drive\Summer '13\CS303\Programs\Program 2\Program 2\Debug\link.4180.write.1.tlog
C:\Users\Harris\Google Drive\Summer '13\CS303\Programs\Program 2\Program 2\Debug\link.4192-cvtres.read.1.tlog
C:\Users\Harris\Google Drive\Summer '13\CS303\Programs\Program 2\Program 2\Debug\link.4192-cvtres.write.1.tlog
C:\Users\Harris\Google Drive\Summer '13\CS303\Programs\Program 2\Program 2\Debug\link.4192-rc.read.1.tlog
C:\Users\Harris\Google Drive\Summer '13\CS303\Programs\Program 2\Program 2\Debug\link.4192-rc.write.1.tlog
C:\Users\Harris\Google Drive\Summer '13\CS303\Programs\Program 2\Program 2\Debug\link.4192.read.1.tlog
C:\Users\Harris\Google Drive\Summer '13\CS303\Programs\Program 2\Program 2\Debug\link.4192.write.1.tlog
C:\Users\Harris\Google Drive\Summer '13\CS303\Programs\Program 2\Program 2\Debug\link.4360-cvtres.read.1.tlog
C:\Users\Harris\Google Drive\Summer '13\CS303\Programs\Program 2\Program 2\Debug\link.4360-cvtres.write.1.tlog
C:\Users\Harris\Google Drive\Summer '13\CS303\Programs\Program 2\Program 2\Debug\link.4360-rc.read.1.tlog
C:\Users\Harris\Google Drive\Summer '13\CS303\Programs\Program 2\Program 2\Debug\link.4360-rc.write.1.tlog
C:\Users\Harris\Google Drive\Summer '13\CS303\Programs\Program 2\Program 2\Debug\link.4360.read.1.tlog
C:\Users\Harris\Google Drive\Summer '13\CS303\Programs\Program 2\Program 2\Debug\link.4360.write.1.tlog
C:\Users\Harris\Google Drive\Summer '13\CS303\Programs\Program 2\Program 2\Debug\link.4540-cvtres.read.1.tlog
C:\Users\Harris\Google Drive\Summer '13\CS303\Programs\Program 2\Program 2\Debug\link.4540-cvtres.write.1.tlog
C:\Users\Harris\Google Drive\Summer '13\CS303\Programs\Program 2\Program 2\Debug\link.4540-rc.read.1.tlog
C:\Users\Harris\Google Drive\Summer '13\CS303\Programs\Program 2\Program 2\Debug\link.4540-rc.write.1.tlog
C:\Users\Harris\Google Drive\Summer '13\CS303\Programs\Program 2\Program 2\Debug\link.4540.read.1.tlog
C:\Users\Harris\Google Drive\Summer '13\CS303\Programs\Program 2\Program 2\Debug\link.4540.write.1.tlog
C:\Users\Harris\Google Drive\Summer '13\CS303\Programs\Program 2\Program 2\Debug\link.4604-cvtres.read.1.tlog
C:\Users\Harris\Google Drive\Summer '13\CS303\Programs\Program 2\Program 2\Debug\link.4604-cvtres.write.1.tlog
C:\Users\Harris\Google Drive\Summer '13\CS303\Programs\Program 2\Program 2\Debug\link.4604-rc.read.1.tlog
C:\Users\Harris\Google Drive\Summer '13\CS303\Programs\Program 2\Program 2\Debug\link.4604-rc.write.1.tlog
C:\Users\Harris\Google Drive\Summer '13\CS303\Programs\Program 2\Program 2\Debug\link.4604.read.1.tlog
C:\Users\Harris\Google Drive\Summer '13\CS303\Programs\Program 2\Program 2\Debug\link.4604.write.1.tlog
C:\Users\Harris\Google Drive\Summer '13\CS303\Programs\Program 2\Program 2\Debug\link.4616-cvtres.read.1.tlog
C:\Users\Harris\Google Drive\Summer '13\CS303\Programs\Program 2\Program 2\Debug\link.4616-cvtres.write.1.tlog
C:\Users\Harris\Google Drive\Summer '13\CS303\Programs\Program 2\Program 2\Debug\link.4616-rc.read.1.tlog
C:\Users\Harris\Google Drive\Summer '13\CS303\Programs\Program 2\Program 2\Debug\link.4616-rc.write.1.tlog
C:\Users\Harris\Google Drive\Summer '13\CS303\Programs\Program 2\Program 2\Debug\link.4616.read.1.tlog
C:\Users\Harris\Google Drive\Summer '13\CS303\Programs\Program 2\Program 2\Debug\link.4616.write.1.tlog
C:\Users\Harris\Google Drive\Summer '13\CS303\Programs\Program 2\Program 2\Debug\link.4772-cvtres.read.1.tlog
C:\Users\Harris\Google Drive\Summer '13\CS303\Programs\Program 2\Program 2\Debug\link.4772-cvtres.write.1.tlog
C:\Users\Harris\Google Drive\Summer '13\CS303\Programs\Program 2\Program 2\Debug\link.4772-rc.read.1.tlog
C:\Users\Harris\Google Drive\Summer '13\CS303\Programs\Program 2\Program 2\Debug\link.4772-rc.write.1.tlog
C:\Users\Harris\Google Drive\Summer '13\CS303\Programs\Program 2\Program 2\Debug\link.4772.read.1.tlog
C:\Users\Harris\Google Drive\Summer '13\CS303\Programs\Program 2\Program 2\Debug\link.4772.write.1.tlog
C:\Users\Harris\Google Drive\Summer '13\CS303\Programs\Program 2\Program 2\Debug\link.4936-cvtres.read.1.tlog
C:\Users\Harris\Google Drive\Summer '13\CS303\Programs\Program 2\Program 2\Debug\link.4936-cvtres.write.1.tlog
C:\Users\Harris\Google Drive\Summer '13\CS303\Programs\Program 2\Program 2\Debug\link.4936-rc.read.1.tlog
C:\Users\Harris\Google Drive\Summer '13\CS303\Programs\Program 2\Program 2\Debug\link.4936-rc.write.1.tlog
C:\Users\Harris\Google Drive\Summer '13\CS303\Programs\Program 2\Program 2\Debug\link.4936.read.1.tlog
C:\Users\Harris\Google Drive\Summer '13\CS303\Programs\Program 2\Program 2\Debug\link.4936.write.1.tlog
C:\Users\Harris\Google Drive\Summer '13\CS303\Programs\Program 2\Program 2\Debug\link.4964-cvtres.read.1.tlog
C:\Users\Harris\Google Drive\Summer '13\CS303\Programs\Program 2\Program 2\Debug\link.4964-cvtres.write.1.tlog
C:\Users\Harris\Google Drive\Summer '13\CS303\Programs\Program 2\Program 2\Debug\link.4964-rc.read.1.tlog
C:\Users\Harris\Google Drive\Summer '13\CS303\Programs\Program 2\Program 2\Debug\link.4964-rc.write.1.tlog
C:\Users\Harris\Google Drive\Summer '13\CS303\Programs\Program 2\Program 2\Debug\link.4964.read.1.tlog
C:\Users\Harris\Google Drive\Summer '13\CS303\Programs\Program 2\Program 2\Debug\link.4964.write.1.tlog
C:\Users\Harris\Google Drive\Summer '13\CS303\Programs\Program 2\Program 2\Debug\link.4992-cvtres.read.1.tlog
C:\Users\Harris\Google Drive\Summer '13\CS303\Programs\Program 2\Program 2\Debug\link.4992-cvtres.write.1.tlog
C:\Users\Harris\Google Drive\Summer '13\CS303\Programs\Program 2\Program 2\Debug\link.4992-rc.read.1.tlog
C:\Users\Harris\Google Drive\Summer '13\CS303\Programs\Program 2\Program 2\Debug\link.4992-rc.write.1.tlog
C:\Users\Harris\Google Drive\Summer '13\CS303\Programs\Program 2\Program 2\Debug\link.4992.read.1.tlog
C:\Users\Harris\Google Drive\Summer '13\CS303\Programs\Program 2\Program 2\Debug\link.4992.write.1.tlog
C:\Users\Harris\Google Drive\Summer '13\CS303\Programs\Program 2\Program 2\Debug\link.5044-cvtres.read.1.tlog
C:\Users\Harris\Google Drive\Summer '13\CS303\Programs\Program 2\Program 2\Debug\link.5044-cvtres.write.1.tlog
C:\Users\Harris\Google Drive\Summer '13\CS303\Programs\Program 2\Program 2\Debug\link.5044-rc.read.1.tlog
C:\Users\Harris\Google Drive\Summer '13\CS303\Programs\Program 2\Program 2\Debug\link.5044-rc.write.1.tlog
C:\Users\Harris\Google Drive\Summer '13\CS303\Programs\Program 2\Program 2\Debug\link.5044.read.1.tlog
C:\Users\Harris\Google Drive\Summer '13\CS303\Programs\Program 2\Program 2\Debug\link.5044.write.1.tlog
C:\Users\Harris\Google Drive\Summer '13\CS303\Programs\Program 2\Program 2\Debug\link.5168-cvtres.read.1.tlog
C:\Users\Harris\Google Drive\Summer '13\CS303\Programs\Program 2\Program 2\Debug\link.5168-cvtres.write.1.tlog
C:\Users\Harris\Google Drive\Summer '13\CS303\Programs\Program 2\Program 2\Debug\link.5168-rc.read.1.tlog
C:\Users\Harris\Google Drive\Summer '13\CS303\Programs\Program 2\Program 2\Debug\link.5168-rc.write.1.tlog
C:\Users\Harris\Google Drive\Summer '13\CS303\Programs\Program 2\Program 2\Debug\link.5168.read.1.tlog
C:\Users\Harris\Google Drive\Summer '13\CS303\Programs\Program 2\Program 2\Debug\link.5168.write.1.tlog
C:\Users\Harris\Google Drive\Summer '13\CS303\Programs\Program 2\Program 2\Debug\link.5244-cvtres.read.1.tlog
C:\Users\Harris\Google Drive\Summer '13\CS303\Programs\Program 2\Program 2\Debug\link.5244-cvtres.write.1.tlog
C:\Users\Harris\Google Drive\Summer '13\CS303\Programs\Program 2\Program 2\Debug\link.5244-rc.read.1.tlog
C:\Users\Harris\Google Drive\Summer '13\CS303\Programs\Program 2\Program 2\Debug\link.5244-rc.write.1.tlog
C:\Users\Harris\Google Drive\Summer '13\CS303\Programs\Program 2\Program 2\Debug\link.5244.read.1.tlog
C:\Users\Harris\Google Drive\Summer '13\CS303\Programs\Program 2\Program 2\Debug\link.5244.write.1.tlog
C:\Users\Harris\Google Drive\Summer '13\CS303\Programs\Program 2\Program 2\Debug\link.5256-cvtres.read.1.tlog
C:\Users\Harris\Google Drive\Summer '13\CS303\Programs\Program 2\Program 2\Debug\link.5256-cvtres.write.1.tlog
C:\Users\Harris\Google Drive\Summer '13\CS303\Programs\Program 2\Program 2\Debug\link.5256-rc.read.1.tlog
C:\Users\Harris\Google Drive\Summer '13\CS303\Programs\Program 2\Program 2\Debug\link.5256-rc.write.1.tlog
C:\Users\Harris\Google Drive\Summer '13\CS303\Programs\Program 2\Program 2\Debug\link.5256.read.1.tlog
C:\Users\Harris\Google Drive\Summer '13\CS303\Programs\Program 2\Program 2\Debug\link.5256.write.1.tlog
C:\Users\Harris\Google Drive\Summer '13\CS303\Programs\Program 2\Program 2\Debug\link.5360-cvtres.read.1.tlog
C:\Users\Harris\Google Drive\Summer '13\CS303\Programs\Program 2\Program 2\Debug\link.5360-cvtres.write.1.tlog
C:\Users\Harris\Google Drive\Summer '13\CS303\Programs\Program 2\Program 2\Debug\link.5360-rc.read.1.tlog
C:\Users\Harris\Google Drive\Summer '13\CS303\Programs\Program 2\Program 2\Debug\link.5360-rc.write.1.tlog
C:\Users\Harris\Google Drive\Summer '13\CS303\Programs\Program 2\Program 2\Debug\link.5360.read.1.tlog
C:\Users\Harris\Google Drive\Summer '13\CS303\Programs\Program 2\Program 2\Debug\link.5360.write.1.tlog
C:\Users\Harris\Google Drive\Summer '13\CS303\Programs\Program 2\Program 2\Debug\link.5424-cvtres.read.1.tlog
C:\Users\Harris\Google Drive\Summer '13\CS303\Programs\Program 2\Program 2\Debug\link.5424-cvtres.write.1.tlog
C:\Users\Harris\Google Drive\Summer '13\CS303\Programs\Program 2\Program 2\Debug\link.5424-rc.read.1.tlog
C:\Users\Harris\Google Drive\Summer '13\CS303\Programs\Program 2\Program 2\Debug\link.5424-rc.write.1.tlog
C:\Users\Harris\Google Drive\Summer '13\CS303\Programs\Program 2\Program 2\Debug\link.5424.read.1.tlog
C:\Users\Harris\Google Drive\Summer '13\CS303\Programs\Program 2\Program 2\Debug\link.5424.write.1.tlog
C:\Users\Harris\Google Drive\Summer '13\CS303\Programs\Program 2\Program 2\Debug\link.5456-cvtres.read.1.tlog
C:\Users\Harris\Google Drive\Summer '13\CS303\Programs\Program 2\Program 2\Debug\link.5456-cvtres.write.1.tlog
C:\Users\Harris\Google Drive\Summer '13\CS303\Programs\Program 2\Program 2\Debug\link.5456-rc.read.1.tlog
C:\Users\Harris\Google Drive\Summer '13\CS303\Programs\Program 2\Program 2\Debug\link.5456-rc.write.1.tlog
C:\Users\Harris\Google Drive\Summer '13\CS303\Programs\Program 2\Program 2\Debug\link.5456.read.1.tlog
C:\Users\Harris\Google Drive\Summer '13\CS303\Programs\Program 2\Program 2\Debug\link.5456.write.1.tlog
C:\Users\Harris\Google Drive\Summer '13\CS303\Programs\Program 2\Program 2\Debug\link.5496-cvtres.read.1.tlog
C:\Users\Harris\Google Drive\Summer '13\CS303\Programs\Program 2\Program 2\Debug\link.5496-cvtres.write.1.tlog
C:\Users\Harris\Google Drive\Summer '13\CS303\Programs\Program 2\Program 2\Debug\link.5496-rc.read.1.tlog
C:\Users\Harris\Google Drive\Summer '13\CS303\Programs\Program 2\Program 2\Debug\link.5496-rc.write.1.tlog
C:\Users\Harris\Google Drive\Summer '13\CS303\Programs\Program 2\Program 2\Debug\link.5496.read.1.tlog
C:\Users\Harris\Google Drive\Summer '13\CS303\Programs\Program 2\Program 2\Debug\link.5496.write.1.tlog
C:\Users\Harris\Google Drive\Summer '13\CS303\Programs\Program 2\Program 2\Debug\link.5720-cvtres.read.1.tlog
C:\Users\Harris\Google Drive\Summer '13\CS303\Programs\Program 2\Program 2\Debug\link.5720-cvtres.write.1.tlog
C:\Users\Harris\Google Drive\Summer '13\CS303\Programs\Program 2\Program 2\Debug\link.5720-rc.read.1.tlog
C:\Users\Harris\Google Drive\Summer '13\CS303\Programs\Program 2\Program 2\Debug\link.5720-rc.write.1.tlog
C:\Users\Harris\Google Drive\Summer '13\CS303\Programs\Program 2\Program 2\Debug\link.5720.read.1.tlog
C:\Users\Harris\Google Drive\Summer '13\CS303\Programs\Program 2\Program 2\Debug\link.5720.write.1.tlog
C:\Users\Harris\Google Drive\Summer '13\CS303\Programs\Program 2\Program 2\Debug\link.5736-cvtres.read.1.tlog
C:\Users\Harris\Google Drive\Summer '13\CS303\Programs\Program 2\Program 2\Debug\link.5736-cvtres.write.1.tlog
C:\Users\Harris\Google Drive\Summer '13\CS303\Programs\Program 2\Program 2\Debug\link.5736-rc.read.1.tlog
C:\Users\Harris\Google Drive\Summer '13\CS303\Programs\Program 2\Program 2\Debug\link.5736-rc.write.1.tlog
C:\Users\Harris\Google Drive\Summer '13\CS303\Programs\Program 2\Program 2\Debug\link.5736.read.1.tlog
C:\Users\Harris\Google Drive\Summer '13\CS303\Programs\Program 2\Program 2\Debug\link.5736.write.1.tlog
C:\Users\Harris\Google Drive\Summer '13\CS303\Programs\Program 2\Program 2\Debug\link.5748-cvtres.read.1.tlog
C:\Users\Harris\Google Drive\Summer '13\CS303\Programs\Program 2\Program 2\Debug\link.5748-cvtres.write.1.tlog
C:\Users\Harris\Google Drive\Summer '13\CS303\Programs\Program 2\Program 2\Debug\link.5748-rc.read.1.tlog
C:\Users\Harris\Google Drive\Summer '13\CS303\Programs\Program 2\Program 2\Debug\link.5748-rc.write.1.tlog
C:\Users\Harris\Google Drive\Summer '13\CS303\Programs\Program 2\Program 2\Debug\link.5748.read.1.tlog
C:\Users\Harris\Google Drive\Summer '13\CS303\Programs\Program 2\Program 2\Debug\link.5748.write.1.tlog
C:\Users\Harris\Google Drive\Summer '13\CS303\Programs\Program 2\Program 2\Debug\link.5840-cvtres.read.1.tlog
C:\Users\Harris\Google Drive\Summer '13\CS303\Programs\Program 2\Program 2\Debug\link.5840-cvtres.write.1.tlog
C:\Users\Harris\Google Drive\Summer '13\CS303\Programs\Program 2\Program 2\Debug\link.5840-rc.read.1.tlog
C:\Users\Harris\Google Drive\Summer '13\CS303\Programs\Program 2\Program 2\Debug\link.5840-rc.write.1.tlog
C:\Users\Harris\Google Drive\Summer '13\CS303\Programs\Program 2\Program 2\Debug\link.5840.read.1.tlog
C:\Users\Harris\Google Drive\Summer '13\CS303\Programs\Program 2\Program 2\Debug\link.5840.write.1.tlog
C:\Users\Harris\Google Drive\Summer '13\CS303\Programs\Program 2\Program 2\Debug\link.5928-cvtres.read.1.tlog
C:\Users\Harris\Google Drive\Summer '13\CS303\Programs\Program 2\Program 2\Debug\link.5928-cvtres.write.1.tlog
C:\Users\Harris\Google Drive\Summer '13\CS303\Programs\Program 2\Program 2\Debug\link.5928-rc.read.1.tlog
C:\Users\Harris\Google Drive\Summer '13\CS303\Programs\Program 2\Program 2\Debug\link.5928-rc.write.1.tlog
C:\Users\Harris\Google Drive\Summer '13\CS303\Programs\Program 2\Program 2\Debug\link.5928.read.1.tlog
C:\Users\Harris\Google Drive\Summer '13\CS303\Programs\Program 2\Program 2\Debug\link.5928.write.1.tlog
C:\Users\Harris\Google Drive\Summer '13\CS303\Programs\Program 2\Program 2\Debug\link.5944-cvtres.read.1.tlog
C:\Users\Harris\Google Drive\Summer '13\CS303\Programs\Program 2\Program 2\Debug\link.5944-cvtres.write.1.tlog
C:\Users\Harris\Google Drive\Summer '13\CS303\Programs\Program 2\Program 2\Debug\link.5944-rc.read.1.tlog
C:\Users\Harris\Google Drive\Summer '13\CS303\Programs\Program 2\Program 2\Debug\link.5944-rc.write.1.tlog
C:\Users\Harris\Google Drive\Summer '13\CS303\Programs\Program 2\Program 2\Debug\link.5944.read.1.tlog
C:\Users\Harris\Google Drive\Summer '13\CS303\Programs\Program 2\Program 2\Debug\link.5944.write.1.tlog
C:\Users\Harris\Google Drive\Summer '13\CS303\Programs\Program 2\Program 2\Debug\link.6192-cvtres.read.1.tlog
C:\Users\Harris\Google Drive\Summer '13\CS303\Programs\Program 2\Program 2\Debug\link.6192-cvtres.write.1.tlog
C:\Users\Harris\Google Drive\Summer '13\CS303\Programs\Program 2\Program 2\Debug\link.6192-rc.read.1.tlog
C:\Users\Harris\Google Drive\Summer '13\CS303\Programs\Program 2\Program 2\Debug\link.6192-rc.write.1.tlog
C:\Users\Harris\Google Drive\Summer '13\CS303\Programs\Program 2\Program 2\Debug\link.6192.read.1.tlog
C:\Users\Harris\Google Drive\Summer '13\CS303\Programs\Program 2\Program 2\Debug\link.6192.write.1.tlog
C:\Users\Harris\Google Drive\Summer '13\CS303\Programs\Program 2\Program 2\Debug\link.6236-cvtres.read.1.tlog
C:\Users\Harris\Google Drive\Summer '13\CS303\Programs\Program 2\Program 2\Debug\link.6236-cvtres.write.1.tlog
C:\Users\Harris\Google Drive\Summer '13\CS303\Programs\Program 2\Program 2\Debug\link.6236-rc.read.1.tlog
C:\Users\Harris\Google Drive\Summer '13\CS303\Programs\Program 2\Program 2\Debug\link.6236-rc.write.1.tlog
C:\Users\Harris\Google Drive\Summer '13\CS303\Programs\Program 2\Program 2\Debug\link.6236.read.1.tlog
C:\Users\Harris\Google Drive\Summer '13\CS303\Programs\Program 2\Program 2\Debug\link.6236.write.1.tlog
C:\Users\Harris\Google Drive\Summer '13\CS303\Programs\Program 2\Program 2\Debug\link.6452-cvtres.read.1.tlog
C:\Users\Harris\Google Drive\Summer '13\CS303\Programs\Program 2\Program 2\Debug\link.6452-cvtres.write.1.tlog
C:\Users\Harris\Google Drive\Summer '13\CS303\Programs\Program 2\Program 2\Debug\link.6452-rc.read.1.tlog
C:\Users\Harris\Google Drive\Summer '13\CS303\Programs\Program 2\Program 2\Debug\link.6452-rc.write.1.tlog
C:\Users\Harris\Google Drive\Summer '13\CS303\Programs\Program 2\Program 2\Debug\link.6452.read.1.tlog
C:\Users\Harris\Google Drive\Summer '13\CS303\Programs\Program 2\Program 2\Debug\link.6452.write.1.tlog
C:\Users\Harris\Google Drive\Summer '13\CS303\Programs\Program 2\Program 2\Debug\link.6812-cvtres.read.1.tlog
C:\Users\Harris\Google Drive\Summer '13\CS303\Programs\Program 2\Program 2\Debug\link.6812-cvtres.write.1.tlog
C:\Users\Harris\Google Drive\Summer '13\CS303\Programs\Program 2\Program 2\Debug\link.6812-rc.read.1.tlog
C:\Users\Harris\Google Drive\Summer '13\CS303\Programs\Program 2\Program 2\Debug\link.6812-rc.write.1.tlog
C:\Users\Harris\Google Drive\Summer '13\CS303\Programs\Program 2\Program 2\Debug\link.6812.read.1.tlog
C:\Users\Harris\Google Drive\Summer '13\CS303\Programs\Program 2\Program 2\Debug\link.6812.write.1.tlog
C:\Users\Harris\Google Drive\Summer '13\CS303\Programs\Program 2\Program 2\Debug\link.6876-cvtres.read.1.tlog
C:\Users\Harris\Google Drive\Summer '13\CS303\Programs\Program 2\Program 2\Debug\link.6876-cvtres.write.1.tlog
C:\Users\Harris\Google Drive\Summer '13\CS303\Programs\Program 2\Program 2\Debug\link.6876-rc.read.1.tlog
C:\Users\Harris\Google Drive\Summer '13\CS303\Programs\Program 2\Program 2\Debug\link.6876-rc.write.1.tlog
C:\Users\Harris\Google Drive\Summer '13\CS303\Programs\Program 2\Program 2\Debug\link.6876.read.1.tlog
C:\Users\Harris\Google Drive\Summer '13\CS303\Programs\Program 2\Program 2\Debug\link.6876.write.1.tlog
C:\Users\Harris\Google Drive\Summer '13\CS303\Programs\Program 2\Program 2\Debug\link.7108-cvtres.read.1.tlog
C:\Users\Harris\Google Drive\Summer '13\CS303\Programs\Program 2\Program 2\Debug\link.7108-cvtres.write.1.tlog
C:\Users\Harris\Google Drive\Summer '13\CS303\Programs\Program 2\Program 2\Debug\link.7108-rc.read.1.tlog
C:\Users\Harris\Google Drive\Summer '13\CS303\Programs\Program 2\Program 2\Debug\link.7108-rc.write.1.tlog
C:\Users\Harris\Google Drive\Summer '13\CS303\Programs\Program 2\Program 2\Debug\link.7108.read.1.tlog
C:\Users\Harris\Google Drive\Summer '13\CS303\Programs\Program 2\Program 2\Debug\link.7108.write.1.tlog
C:\Users\Harris\Google Drive\Summer '13\CS303\Programs\Program 2\Program 2\Debug\link.command.1.tlog
C:\Users\Harris\Google Drive\Summer '13\CS303\Programs\Program 2\Program 2\Debug\link.read.1.tlog
C:\Users\Harris\Google Drive\Summer '13\CS303\Programs\Program 2\Program 2\Debug\link.write.1.tlog
C:\Users\Harris\Google Drive\Summer '13\CS303\Programs\Program 2\Program 2\Debug\vc110.idb
C:\Users\Harris\Google Drive\Summer '13\CS303\Programs\Program 2\Program 2\Debug\vc110.pdb
C:\Users\Harris\Google Drive\Summer '13\CS303\Programs\Program 2\Debug\Program 2.pdb
C:\Users\Harris\Google Drive\Summer '13\CS303\Programs\Program 2\Debug\Program 2.exe
C:\Users\Harris\Google Drive\Summer '13\CS303\Programs\Program 2\Debug\Program 2.ilk
